-> Results dir: ckpt/tiny/models/weights_19/depth
-> Loading weights from ckpt/tiny/models/weights_19
-> Computing predictions with size 640x192
-> Saving predicted disparities to  ckpt/tiny/models/weights_19/depth/disps_eigen_split.npy
-> Evaluating
   Mono evaluation - using median scaling
 Scaling ratios | med: 40.256 | std: 0.088

   abs_rel |   sq_rel |     rmse | rmse_log |       a1 |       a2 |       a3 | 
&   0.123  &   0.928  &   4.893  &   0.196  &   0.861  &   0.956  &   0.981  \\

-> Done!
----------------------------------------
-> Results dir: ckpt/tiny_resume/models/weights_29/depth
-> Loading weights from ckpt/tiny_resume/models/weights_29
-> Computing predictions with size 640x192
-> Saving predicted disparities to  ckpt/tiny_resume/models/weights_29/depth/disps_eigen_split.npy
-> Evaluating
   Mono evaluation - using median scaling
 Scaling ratios | med: 38.581 | std: 0.090

   abs_rel |   sq_rel |     rmse | rmse_log |       a1 |       a2 |       a3 | 
&   0.120  &   0.931  &   4.882  &   0.196  &   0.868  &   0.957  &   0.980  \\

-> Done!
----------------------------------------
-> Results dir: ckpt/tiny_4scale/models/weights_19/depth
-> Loading weights from ckpt/tiny_4scale/models/weights_19
-> Computing predictions with size 640x192
-> Saving predicted disparities to  ckpt/tiny_4scale/models/weights_19/depth/disps_eigen_split.npy
-> Evaluating
   Mono evaluation - using median scaling
 Scaling ratios | med: 41.152 | std: 0.086

   abs_rel |   sq_rel |     rmse | rmse_log |       a1 |       a2 |       a3 | 
&   0.122  &   0.870  &   4.778  &   0.195  &   0.860  &   0.957  &   0.982  \\

-> Done!
----------------------------------------
-> Results dir: ckpt/tiny_4scale_resume/models/weights_29/depth
-> Loading weights from ckpt/tiny_4scale_resume/models/weights_29
-> Computing predictions with size 640x192
-> Saving predicted disparities to  ckpt/tiny_4scale_resume/models/weights_29/depth/disps_eigen_split.npy
-> Evaluating
   Mono evaluation - using median scaling
 Scaling ratios | med: 39.503 | std: 0.087

   abs_rel |   sq_rel |     rmse | rmse_log |       a1 |       a2 |       a3 | 
&   0.120  &   0.905  &   4.822  &   0.195  &   0.867  &   0.958  &   0.981  \\

-> Done!
----------------------------------------
-> Results dir: ckpt/tiny_b0.5/models/weights_19/depth
-> Loading weights from ckpt/tiny_b0.5/models/weights_19
-> Computing predictions with size 640x192
-> Saving predicted disparities to  ckpt/tiny_b0.5/models/weights_19/depth/disps_eigen_split.npy
-> Evaluating
   Mono evaluation - using median scaling
 Scaling ratios | med: 38.992 | std: 0.086

   abs_rel |   sq_rel |     rmse | rmse_log |       a1 |       a2 |       a3 | 
&   0.126  &   1.022  &   4.954  &   0.198  &   0.860  &   0.954  &   0.980  \\

-> Done!
----------------------------------------
-> Results dir: ckpt/tiny_b0.5/models/weights_39/depth
-> Loading weights from ckpt/tiny_b0.5/models/weights_39
-> Computing predictions with size 640x192
-> Saving predicted disparities to  ckpt/tiny_b0.5/models/weights_39/depth/disps_eigen_split.npy
-> Evaluating
   Mono evaluation - using median scaling
 Scaling ratios | med: 38.616 | std: 0.086

   abs_rel |   sq_rel |     rmse | rmse_log |       a1 |       a2 |       a3 | 
&   0.123  &   0.990  &   4.927  &   0.197  &   0.864  &   0.955  &   0.980  \\

-> Done!
----------------------------------------
-> Results dir: ckpt/tiny_g0.01/models/weights_19/depth
-> Loading weights from ckpt/tiny_g0.01/models/weights_19
-> Computing predictions with size 640x192
-> Saving predicted disparities to  ckpt/tiny_g0.01/models/weights_19/depth/disps_eigen_split.npy
-> Evaluating
   Mono evaluation - using median scaling
 Scaling ratios | med: 40.709 | std: 0.088

   abs_rel |   sq_rel |     rmse | rmse_log |       a1 |       a2 |       a3 | 
&   0.123  &   0.903  &   4.811  &   0.196  &   0.861  &   0.956  &   0.981  \\

-> Done!
----------------------------------------
-> Results dir: ckpt/tiny_g0.01/models/weights_35/depth
-> Loading weights from ckpt/tiny_g0.01/models/weights_35
-> Computing predictions with size 640x192
-> Saving predicted disparities to  ckpt/tiny_g0.01/models/weights_35/depth/disps_eigen_split.npy
-> Evaluating
   Mono evaluation - using median scaling
 Scaling ratios | med: 40.716 | std: 0.087

   abs_rel |   sq_rel |     rmse | rmse_log |       a1 |       a2 |       a3 | 
&   0.124  &   0.949  &   4.833  &   0.196  &   0.865  &   0.957  &   0.981  \\

-> Done!
----------------------------------------
-> Results dir: ckpt/tiny_g0.1/models/weights_19/depth
-> Loading weights from ckpt/tiny_g0.1/models/weights_19
-> Computing predictions with size 640x192
-> Saving predicted disparities to  ckpt/tiny_g0.1/models/weights_19/depth/disps_eigen_split.npy
-> Evaluating
   Mono evaluation - using median scaling
 Scaling ratios | med: 53.177 | std: 0.098

   abs_rel |   sq_rel |     rmse | rmse_log |       a1 |       a2 |       a3 | 
&   0.126  &   0.878  &   4.820  &   0.197  &   0.853  &   0.954  &   0.982  \\

-> Done!
----------------------------------------
-> Results dir: ckpt/tiny_g0.1/models/weights_39/depth
-> Loading weights from ckpt/tiny_g0.1/models/weights_39
-> Computing predictions with size 640x192
-> Saving predicted disparities to  ckpt/tiny_g0.1/models/weights_39/depth/disps_eigen_split.npy
-> Evaluating
   Mono evaluation - using median scaling
 Scaling ratios | med: 52.260 | std: 0.094

   abs_rel |   sq_rel |     rmse | rmse_log |       a1 |       a2 |       a3 | 
&   0.124  &   0.905  &   4.799  &   0.196  &   0.858  &   0.956  &   0.982  \\

-> Done!
----------------------------------------
-> Results dir: ckpt/tiny_o0.01/models/weights_19/depth
-> Loading weights from ckpt/tiny_o0.01/models/weights_19
-> Computing predictions with size 640x192
-> Saving predicted disparities to  ckpt/tiny_o0.01/models/weights_19/depth/disps_eigen_split.npy
-> Evaluating
   Mono evaluation - using median scaling
 Scaling ratios | med: 36.573 | std: 0.081

   abs_rel |   sq_rel |     rmse | rmse_log |       a1 |       a2 |       a3 | 
&   0.128  &   1.063  &   5.022  &   0.200  &   0.861  &   0.954  &   0.980  \\

-> Done!
----------------------------------------
-> Results dir: ckpt/tiny_o0.01/models/weights_38/depth
-> Loading weights from ckpt/tiny_o0.01/models/weights_38
-> Computing predictions with size 640x192
-> Saving predicted disparities to  ckpt/tiny_o0.01/models/weights_38/depth/disps_eigen_split.npy
-> Evaluating
   Mono evaluation - using median scaling
 Scaling ratios | med: 36.114 | std: 0.082

   abs_rel |   sq_rel |     rmse | rmse_log |       a1 |       a2 |       a3 | 
&   0.126  &   1.084  &   5.024  &   0.199  &   0.865  &   0.954  &   0.979  \\

-> Done!
----------------------------------------
-> Results dir: ckpt/tiny_posecnn/models/weights_19/depth
-> Loading weights from ckpt/tiny_posecnn/models/weights_19
-> Computing predictions with size 640x192
-> Saving predicted disparities to  ckpt/tiny_posecnn/models/weights_19/depth/disps_eigen_split.npy
-> Evaluating
   Mono evaluation - using median scaling
 Scaling ratios | med: 60.421 | std: 0.208

   abs_rel |   sq_rel |     rmse | rmse_log |       a1 |       a2 |       a3 | 
&   0.217  &   1.944  &   7.717  &   0.318  &   0.659  &   0.861  &   0.938  \\

-> Done!
----------------------------------------
-> Results dir: ckpt/tiny_posecnn/models/weights_39/depth
-> Loading weights from ckpt/tiny_posecnn/models/weights_39
-> Computing predictions with size 640x192
-> Saving predicted disparities to  ckpt/tiny_posecnn/models/weights_39/depth/disps_eigen_split.npy
-> Evaluating
   Mono evaluation - using median scaling
 Scaling ratios | med: 58.704 | std: 0.209

   abs_rel |   sq_rel |     rmse | rmse_log |       a1 |       a2 |       a3 | 
&   0.213  &   1.908  &   7.629  &   0.314  &   0.670  &   0.869  &   0.941  \\

-> Done!
----------------------------------------
-> Results dir: ckpt/tiny_robust/models/weights_19/depth
-> Loading weights from ckpt/tiny_robust/models/weights_19
-> Computing predictions with size 640x192
-> Saving predicted disparities to  ckpt/tiny_robust/models/weights_19/depth/disps_eigen_split.npy
-> Evaluating
   Mono evaluation - using median scaling
 Scaling ratios | med: 40.024 | std: 0.093

   abs_rel |   sq_rel |     rmse | rmse_log |       a1 |       a2 |       a3 | 
&   0.125  &   0.935  &   4.886  &   0.197  &   0.861  &   0.957  &   0.981  \\

-> Done!
----------------------------------------
-> Results dir: ckpt/tiny_robust/models/weights_37/depth
-> Loading weights from ckpt/tiny_robust/models/weights_37
-> Computing predictions with size 640x192
-> Saving predicted disparities to  ckpt/tiny_robust/models/weights_37/depth/disps_eigen_split.npy
-> Evaluating
   Mono evaluation - using median scaling
 Scaling ratios | med: 39.426 | std: 0.090

   abs_rel |   sq_rel |     rmse | rmse_log |       a1 |       a2 |       a3 | 
&   0.120  &   0.900  &   4.844  &   0.194  &   0.867  &   0.958  &   0.982  \\

-> Done!
----------------------------------------
-> Results dir: ckpt/tiny_b0.85/models/weights_19/depth
-> Loading weights from ckpt/tiny_b0.85/models/weights_19
-> Computing predictions with size 640x192
-> Saving predicted disparities to  ckpt/tiny_b0.85/models/weights_19/depth/disps_eigen_split.npy
-> Evaluating
   Mono evaluation - using median scaling
 Scaling ratios | med: 40.048 | std: 0.101

   abs_rel |   sq_rel |     rmse | rmse_log |       a1 |       a2 |       a3 | 
&   0.132  &   1.048  &   5.050  &   0.204  &   0.852  &   0.951  &   0.979  \\

-> Done!
----------------------------------------
-> Results dir: ckpt/tiny_b0.85/models/weights_49/depth
-> Loading weights from ckpt/tiny_b0.85/models/weights_49
-> Computing predictions with size 640x192
-> Saving predicted disparities to  ckpt/tiny_b0.85/models/weights_49/depth/disps_eigen_split.npy
-> Evaluating
   Mono evaluation - using median scaling
 Scaling ratios | med: 37.623 | std: 0.091

   abs_rel |   sq_rel |     rmse | rmse_log |       a1 |       a2 |       a3 | 
&   0.121  &   0.974  &   4.898  &   0.197  &   0.869  &   0.955  &   0.979  \\

-> Done!
----------------------------------------
-> Results dir: ckpt/tiny_g0.001/models/weights_19/depth
-> Loading weights from ckpt/tiny_g0.001/models/weights_19
-> Computing predictions with size 640x192
-> Saving predicted disparities to  ckpt/tiny_g0.001/models/weights_19/depth/disps_eigen_split.npy
-> Evaluating
   Mono evaluation - using median scaling
 Scaling ratios | med: 38.454 | std: 0.089

   abs_rel |   sq_rel |     rmse | rmse_log |       a1 |       a2 |       a3 | 
&   0.129  &   0.952  &   5.055  &   0.207  &   0.847  &   0.951  &   0.979  \\

-> Done!
----------------------------------------
-> Results dir: ckpt/tiny_g0.001/models/weights_49/depth
-> Loading weights from ckpt/tiny_g0.001/models/weights_49
-> Computing predictions with size 640x192
-> Saving predicted disparities to  ckpt/tiny_g0.001/models/weights_49/depth/disps_eigen_split.npy
-> Evaluating
   Mono evaluation - using median scaling
 Scaling ratios | med: 36.464 | std: 0.082

   abs_rel |   sq_rel |     rmse | rmse_log |       a1 |       a2 |       a3 | 
&   0.122  &   0.936  &   4.863  &   0.197  &   0.866  &   0.956  &   0.980  \\

-> Done!
----------------------------------------
-> Results dir: ckpt/tiny_o0.001/models/weights_19/depth
-> Loading weights from ckpt/tiny_o0.001/models/weights_19
-> Computing predictions with size 640x192
-> Saving predicted disparities to  ckpt/tiny_o0.001/models/weights_19/depth/disps_eigen_split.npy
-> Evaluating
   Mono evaluation - using median scaling
 Scaling ratios | med: 37.590 | std: 0.085

   abs_rel |   sq_rel |     rmse | rmse_log |       a1 |       a2 |       a3 | 
&   0.129  &   0.955  &   5.154  &   0.206  &   0.842  &   0.950  &   0.980  \\

-> Done!
----------------------------------------
-> Results dir: ckpt/tiny_o0.001/models/weights_49/depth
-> Loading weights from ckpt/tiny_o0.001/models/weights_49
-> Computing predictions with size 640x192
-> Saving predicted disparities to  ckpt/tiny_o0.001/models/weights_49/depth/disps_eigen_split.npy
-> Evaluating
   Mono evaluation - using median scaling
 Scaling ratios | med: 35.895 | std: 0.086

   abs_rel |   sq_rel |     rmse | rmse_log |       a1 |       a2 |       a3 | 
&   0.123  &   1.059  &   5.034  &   0.199  &   0.865  &   0.955  &   0.979  \\

-> Done!
----------------------------------------
-> Results dir: ckpt/tiny_posecnn_g0.001/models/weights_19/depth
-> Loading weights from ckpt/tiny_posecnn_g0.001/models/weights_19
-> Computing predictions with size 640x192
-> Saving predicted disparities to  ckpt/tiny_posecnn_g0.001/models/weights_19/depth/disps_eigen_split.npy
-> Evaluating
   Mono evaluation - using median scaling
 Scaling ratios | med: 39.614 | std: 0.162

   abs_rel |   sq_rel |     rmse | rmse_log |       a1 |       a2 |       a3 | 
&   0.164  &   1.150  &   5.368  &   0.235  &   0.769  &   0.930  &   0.976  \\

-> Done!
----------------------------------------
-> Results dir: ckpt/tiny_posecnn_g0.001/models/weights_49/depth
-> Loading weights from ckpt/tiny_posecnn_g0.001/models/weights_49
-> Computing predictions with size 640x192
-> Saving predicted disparities to  ckpt/tiny_posecnn_g0.001/models/weights_49/depth/disps_eigen_split.npy
-> Evaluating
   Mono evaluation - using median scaling
 Scaling ratios | med: 30.981 | std: 0.155

   abs_rel |   sq_rel |     rmse | rmse_log |       a1 |       a2 |       a3 | 
&   0.153  &   1.079  &   5.204  &   0.239  &   0.800  &   0.921  &   0.968  \\

-> Done!
----------------------------------------
